<?xml version="1.0" encoding="UTF-8"?>
<testng-results skipped="0" failed="0" ignored="0" total="1" passed="1">
  <reporter-output>
  </reporter-output>
  <suite name="Default suite" duration-ms="5785" started-at="2021-12-16T15:44:58Z" finished-at="2021-12-16T15:45:04Z">
    <groups>
    </groups>
    <test name="Default test" duration-ms="5785" started-at="2021-12-16T15:44:58Z" finished-at="2021-12-16T15:45:04Z">
      <class name="com.fblogin.FBlogin">
        <test-method status="PASS" signature="beforeMethod()[pri:0, instance:com.fblogin.FBlogin@5034c75a]" name="beforeMethod" is-config="true" duration-ms="5245" started-at="2021-12-16T15:44:58Z" finished-at="2021-12-16T15:45:03Z">
          <reporter-output>
          </reporter-output>
        </test-method> <!-- beforeMethod -->
        <test-method status="PASS" signature="testFBlogin()[pri:0, instance:com.fblogin.FBlogin@5034c75a]" name="testFBlogin" duration-ms="282" started-at="2021-12-16T15:45:03Z" finished-at="2021-12-16T15:45:03Z">
          <reporter-output>
          </reporter-output>
        </test-method> <!-- testFBlogin -->
        <test-method status="PASS" signature="tearDown()[pri:0, instance:com.fblogin.FBlogin@5034c75a]" name="tearDown" is-config="true" duration-ms="236" started-at="2021-12-16T15:45:03Z" finished-at="2021-12-16T15:45:04Z">
          <reporter-output>
          </reporter-output>
        </test-method> <!-- tearDown -->
      </class> <!-- com.fblogin.FBlogin -->
    </test> <!-- Default test -->
  </suite> <!-- Default suite -->
</testng-results>
